[hdfs@ip-172-31-30-147 ~]$ hadoop distcp hdfs://18.217.157.71:8020/tmp/hdfs/3/* hdfs://13.59.26.82:8020/out/
17/12/07 20:37:14 INFO tools.OptionsParser: parseChunkSize: blocksperchunk false
17/12/07 20:37:15 INFO tools.DistCp: Input Options: DistCpOptions{atomicCommit=false, syncFolder=false, deleteMissing=false, ignoreFailures=false, overwrite=false, append=false, useDiff=false, useRdiff=false, fromSnapshot=null, toSnapshot=null, skipCRC=false, blocking=true, numListstatusThreads=0, maxMaps=20, mapBandwidth=100, sslConfigurationFile='null', copyStrategy='uniformsize', preserveStatus=[], preserveRawXattrs=false, atomicWorkPath=null, logPath=null, sourceFileListing=null, sourcePaths=[hdfs://18.217.157.71:8020/tmp/hdfs/3/*], targetPath=hdfs://13.59.26.82:8020/out, targetPathExists=false, filtersFile='null', blocksPerChunk=0}
17/12/07 20:37:15 INFO tools.SimpleCopyListing: Paths (files+dirs) cnt = 5; dirCnt = 0
17/12/07 20:37:15 INFO tools.SimpleCopyListing: Build file listing completed.
17/12/07 20:37:15 INFO Configuration.deprecation: io.sort.mb is deprecated. Instead, use mapreduce.task.io.sort.mb
17/12/07 20:37:15 INFO Configuration.deprecation: io.sort.factor is deprecated. Instead, use mapreduce.task.io.sort.factor
17/12/07 20:37:15 INFO tools.DistCp: Number of paths in the copy list: 5
17/12/07 20:37:15 INFO tools.DistCp: Number of paths in the copy list: 5
17/12/07 20:37:16 INFO mapreduce.JobSubmitter: number of splits:5
17/12/07 20:37:16 INFO mapreduce.JobSubmitter: Submitting tokens for job: job_1512669756012_0014
17/12/07 20:37:16 INFO impl.YarnClientImpl: Submitted application application_1512669756012_0014
17/12/07 20:37:16 INFO mapreduce.Job: The url to track the job: http://ip-172-31-24-87.us-east-2.compute.internal:8088/proxy/application_1512669756012_0014/
17/12/07 20:37:16 INFO tools.DistCp: DistCp job-id: job_1512669756012_0014
17/12/07 20:37:16 INFO mapreduce.Job: Running job: job_1512669756012_0014
17/12/07 20:37:21 INFO mapreduce.Job: Job job_1512669756012_0014 running in uber mode : false
17/12/07 20:37:21 INFO mapreduce.Job:  map 0% reduce 0%
17/12/07 20:37:26 INFO mapreduce.Job:  map 40% reduce 0%
17/12/07 20:37:27 INFO mapreduce.Job:  map 100% reduce 0%
17/12/07 20:37:27 INFO mapreduce.Job: Job job_1512669756012_0014 completed successfully
17/12/07 20:37:27 INFO mapreduce.Job: Counters: 33
	File System Counters
		FILE: Number of bytes read=0
		FILE: Number of bytes written=772880
		FILE: Number of read operations=0
		FILE: Number of large read operations=0
		FILE: Number of write operations=0
		HDFS: Number of bytes read=35002615
		HDFS: Number of bytes written=35000000
		HDFS: Number of read operations=81
		HDFS: Number of large read operations=0
		HDFS: Number of write operations=20
	Job Counters 
		Launched map tasks=5
		Other local map tasks=5
		Total time spent by all maps in occupied slots (ms)=18650
		Total time spent by all reduces in occupied slots (ms)=0
		Total time spent by all map tasks (ms)=18650
		Total vcore-milliseconds taken by all map tasks=18650
		Total megabyte-milliseconds taken by all map tasks=19097600
	Map-Reduce Framework
		Map input records=5
		Map output records=0
		Input split bytes=575
		Spilled Records=0
		Failed Shuffles=0
		Merged Map outputs=0
		GC time elapsed (ms)=485
		CPU time spent (ms)=3830
		Physical memory (bytes) snapshot=1054883840
		Virtual memory (bytes) snapshot=13954560000
		Total committed heap usage (bytes)=1071644672
	File Input Format Counters 
		Bytes Read=2040
	File Output Format Counters 
		Bytes Written=0
	DistCp Counters
		Bytes Copied=35000000
		Bytes Expected=35000000
		Files Copied=5
[hdfs@ip-172-31-30-147 ~]$ 

[hdfs@ip-172-31-30-147 ~]$ hdfs dfs -ls /out/
Found 5 items
-rw-r--r--   3 hdfs supergroup          0 2017-12-07 20:37 /out/_SUCCESS
-rw-r--r--   3 hdfs supergroup    8750000 2017-12-07 20:37 /out/part-m-00000
-rw-r--r--   3 hdfs supergroup    8750000 2017-12-07 20:37 /out/part-m-00001
-rw-r--r--   3 hdfs supergroup    8750000 2017-12-07 20:37 /out/part-m-00002
-rw-r--r--   3 hdfs supergroup    8750000 2017-12-07 20:37 /out/part-m-00003
[hdfs@ip-172-31-30-147 ~]$ 
