[hdfs@ip-172-31-30-147 ~]$ time hadoop jar /opt/cloudera/parcels/CDH-5.12.1-1.cdh5.12.1.p0.3/jars/hadoop-examples.jar teragen 1024000 /input
17/12/07 20:00:36 INFO terasort.TeraGen: Generating 1024000 using 2
17/12/07 20:00:36 INFO mapreduce.JobSubmitter: number of splits:2
17/12/07 20:00:36 INFO mapreduce.JobSubmitter: Submitting tokens for job: job_1512669756012_0012
17/12/07 20:00:36 INFO impl.YarnClientImpl: Submitted application application_1512669756012_0012
17/12/07 20:00:36 INFO mapreduce.Job: The url to track the job: http://ip-172-31-24-87.us-east-2.compute.internal:8088/proxy/application_1512669756012_0012/
17/12/07 20:00:36 INFO mapreduce.Job: Running job: job_1512669756012_0012
17/12/07 20:00:41 INFO mapreduce.Job: Job job_1512669756012_0012 running in uber mode : false
17/12/07 20:00:41 INFO mapreduce.Job:  map 0% reduce 0%
17/12/07 20:00:47 INFO mapreduce.Job:  map 50% reduce 0%
17/12/07 20:00:48 INFO mapreduce.Job:  map 100% reduce 0%
17/12/07 20:00:49 INFO mapreduce.Job: Job job_1512669756012_0012 completed successfully
17/12/07 20:00:50 INFO mapreduce.Job: Counters: 31
	File System Counters
		FILE: Number of bytes read=0
		FILE: Number of bytes written=301990
		FILE: Number of read operations=0
		FILE: Number of large read operations=0
		FILE: Number of write operations=0
		HDFS: Number of bytes read=167
		HDFS: Number of bytes written=102400000
		HDFS: Number of read operations=8
		HDFS: Number of large read operations=0
		HDFS: Number of write operations=4
	Job Counters 
		Launched map tasks=2
		Other local map tasks=2
		Total time spent by all maps in occupied slots (ms)=7747
		Total time spent by all reduces in occupied slots (ms)=0
		Total time spent by all map tasks (ms)=7747
		Total vcore-milliseconds taken by all map tasks=7747
		Total megabyte-milliseconds taken by all map tasks=7932928
	Map-Reduce Framework
		Map input records=1024000
		Map output records=1024000
		Input split bytes=167
		Spilled Records=0
		Failed Shuffles=0
		Merged Map outputs=0
		GC time elapsed (ms)=181
		CPU time spent (ms)=3210
		Physical memory (bytes) snapshot=490229760
		Virtual memory (bytes) snapshot=5577486336
		Total committed heap usage (bytes)=574095360
	org.apache.hadoop.examples.terasort.TeraGen$Counters
		CHECKSUM=2200811862478544
	File Input Format Counters 
		Bytes Read=0
	File Output Format Counters 
		Bytes Written=102400000

real	0m16.208s
user	0m5.573s
sys	0m0.233s
[hdfs@ip-172-31-30-147 ~]$ 